<?xml version="1.0" encoding="UTF-8"?>
<robot generator="Robot 3.0.4 (Python 3.6.5 on linux)" generated="20180706 12:48:36.843">
<suite id="s1" name="Test-Locallibrary" source="/home/csd/lair/DjangoProjects/locallibrary/RobotTests/test-locallibrary.robot">
<test id="s1-t1" name="Testing: Login">
<kw name="Set Selenium Speed" library="SeleniumLibrary">
<doc>Sets the delay that is waited after each Selenium command.</doc>
<arguments>
<arg>${SPEED}</arg>
</arguments>
<status status="PASS" starttime="20180706 12:48:36.937" endtime="20180706 12:48:36.938"></status>
</kw>
<kw name="Open Browser" library="SeleniumLibrary">
<doc>Opens a new browser instance to the given ``url``.</doc>
<arguments>
<arg>${LOGIN_URL}</arg>
<arg>${BROWSER_1}</arg>
</arguments>
<msg timestamp="20180706 12:48:36.938" level="INFO">Opening browser 'Chrome' to base url 'http://127.0.0.1:8000/accounts/login/'.</msg>
<status status="PASS" starttime="20180706 12:48:36.938" endtime="20180706 12:48:40.480"></status>
</kw>
<kw name="Open Browser" library="SeleniumLibrary">
<doc>Opens a new browser instance to the given ``url``.</doc>
<arguments>
<arg>${LOGIN_URL}</arg>
<arg>${Browser_2}</arg>
</arguments>
<msg timestamp="20180706 12:48:40.482" level="INFO">Opening browser 'Firefox' to base url 'http://127.0.0.1:8000/accounts/login/'.</msg>
<kw name="Capture Page Screenshot" library="SeleniumLibrary">
<doc>Takes screenshot of the current page and embeds it into log file.</doc>
<msg timestamp="20180706 12:49:41.790" level="FAIL">WebDriverException: Message: chrome not reachable
  (Session info: chrome=66.0.3359.181)
  (Driver info: chromedriver=2.40.565383 (76257d1ab79276b2d53ee976b2c3e3b9f335cde7),platform=Linux 4.15.0-24-generic x86_64)
</msg>
<status status="FAIL" starttime="20180706 12:49:41.748" endtime="20180706 12:49:41.790"></status>
</kw>
<msg timestamp="20180706 12:49:41.791" level="WARN">Keyword 'Capture Page Screenshot' could not be run on failure: WebDriverException: Message: chrome not reachable
  (Session info: chrome=66.0.3359.181)
  (Driver info: chromedriver=2.40.565383 (76257d1ab79276b2d53ee976b2c3e3b9f335cde7),platform=Linux 4.15.0-24-generic x86_64)
</msg>
<msg timestamp="20180706 12:49:41.798" level="FAIL">WebDriverException: Message: connection refused
</msg>
<status status="FAIL" starttime="20180706 12:48:40.481" endtime="20180706 12:49:41.798"></status>
</kw>
<status status="FAIL" starttime="20180706 12:48:36.937" endtime="20180706 12:49:41.798" critical="yes">WebDriverException: Message: connection refused
</status>
</test>
<test id="s1-t2" name="Testing: Displaying Book List">
<kw name="Click Link" library="SeleniumLibrary">
<doc>Clicks a link identified by ``locator``.</doc>
<arguments>
<arg>//html/body/div[2]/div/div[1]/nav/ul/li[2]/a</arg>
</arguments>
<msg timestamp="20180706 12:49:41.800" level="INFO">Clicking link '//html/body/div[2]/div/div[1]/nav/ul/li[2]/a'.</msg>
<kw name="Capture Page Screenshot" library="SeleniumLibrary">
<doc>Takes screenshot of the current page and embeds it into log file.</doc>
<msg timestamp="20180706 12:49:41.806" level="FAIL">WebDriverException: Message: chrome not reachable
  (Session info: chrome=66.0.3359.181)
  (Driver info: chromedriver=2.40.565383 (76257d1ab79276b2d53ee976b2c3e3b9f335cde7),platform=Linux 4.15.0-24-generic x86_64)
</msg>
<status status="FAIL" starttime="20180706 12:49:41.803" endtime="20180706 12:49:41.806"></status>
</kw>
<msg timestamp="20180706 12:49:41.806" level="WARN">Keyword 'Capture Page Screenshot' could not be run on failure: WebDriverException: Message: chrome not reachable
  (Session info: chrome=66.0.3359.181)
  (Driver info: chromedriver=2.40.565383 (76257d1ab79276b2d53ee976b2c3e3b9f335cde7),platform=Linux 4.15.0-24-generic x86_64)
</msg>
<msg timestamp="20180706 12:49:41.816" level="FAIL">WebDriverException: Message: chrome not reachable
  (Session info: chrome=66.0.3359.181)
  (Driver info: chromedriver=2.40.565383 (76257d1ab79276b2d53ee976b2c3e3b9f335cde7),platform=Linux 4.15.0-24-generic x86_64)
</msg>
<status status="FAIL" starttime="20180706 12:49:41.800" endtime="20180706 12:49:41.816"></status>
</kw>
<status status="FAIL" starttime="20180706 12:49:41.799" endtime="20180706 12:49:41.816" critical="yes">WebDriverException: Message: chrome not reachable
  (Session info: chrome=66.0.3359.181)
  (Driver info: chromedriver=2.40.565383 (76257d1ab79276b2d53ee976b2c3e3b9f335cde7),platform=Linux 4.15.0-24-generic x86_64)
</status>
</test>
<test id="s1-t3" name="Testing: Book List Pagination">
<kw name="Click Link" library="SeleniumLibrary">
<doc>Clicks a link identified by ``locator``.</doc>
<arguments>
<arg>//html/body/div[2]/div/div[3]/ul/li[3]/a</arg>
</arguments>
<msg timestamp="20180706 12:49:41.818" level="INFO">Clicking link '//html/body/div[2]/div/div[3]/ul/li[3]/a'.</msg>
<kw name="Capture Page Screenshot" library="SeleniumLibrary">
<doc>Takes screenshot of the current page and embeds it into log file.</doc>
<msg timestamp="20180706 12:49:41.827" level="FAIL">WebDriverException: Message: chrome not reachable
  (Session info: chrome=66.0.3359.181)
  (Driver info: chromedriver=2.40.565383 (76257d1ab79276b2d53ee976b2c3e3b9f335cde7),platform=Linux 4.15.0-24-generic x86_64)
</msg>
<status status="FAIL" starttime="20180706 12:49:41.821" endtime="20180706 12:49:41.827"></status>
</kw>
<msg timestamp="20180706 12:49:41.827" level="WARN">Keyword 'Capture Page Screenshot' could not be run on failure: WebDriverException: Message: chrome not reachable
  (Session info: chrome=66.0.3359.181)
  (Driver info: chromedriver=2.40.565383 (76257d1ab79276b2d53ee976b2c3e3b9f335cde7),platform=Linux 4.15.0-24-generic x86_64)
</msg>
<msg timestamp="20180706 12:49:41.828" level="FAIL">WebDriverException: Message: chrome not reachable
  (Session info: chrome=66.0.3359.181)
  (Driver info: chromedriver=2.40.565383 (76257d1ab79276b2d53ee976b2c3e3b9f335cde7),platform=Linux 4.15.0-24-generic x86_64)
</msg>
<status status="FAIL" starttime="20180706 12:49:41.817" endtime="20180706 12:49:41.829"></status>
</kw>
<status status="FAIL" starttime="20180706 12:49:41.817" endtime="20180706 12:49:41.829" critical="yes">WebDriverException: Message: chrome not reachable
  (Session info: chrome=66.0.3359.181)
  (Driver info: chromedriver=2.40.565383 (76257d1ab79276b2d53ee976b2c3e3b9f335cde7),platform=Linux 4.15.0-24-generic x86_64)
</status>
</test>
<test id="s1-t4" name="Testing: Adding Book">
<kw name="Click Link" library="SeleniumLibrary">
<doc>Clicks a link identified by ``locator``.</doc>
<arguments>
<arg>//html/body/div[2]/div/div[1]/nav/ul/ul/li/a</arg>
</arguments>
<msg timestamp="20180706 12:49:41.832" level="INFO">Clicking link '//html/body/div[2]/div/div[1]/nav/ul/ul/li/a'.</msg>
<kw name="Capture Page Screenshot" library="SeleniumLibrary">
<doc>Takes screenshot of the current page and embeds it into log file.</doc>
<msg timestamp="20180706 12:49:41.841" level="FAIL">WebDriverException: Message: chrome not reachable
  (Session info: chrome=66.0.3359.181)
  (Driver info: chromedriver=2.40.565383 (76257d1ab79276b2d53ee976b2c3e3b9f335cde7),platform=Linux 4.15.0-24-generic x86_64)
</msg>
<status status="FAIL" starttime="20180706 12:49:41.836" endtime="20180706 12:49:41.842"></status>
</kw>
<msg timestamp="20180706 12:49:41.842" level="WARN">Keyword 'Capture Page Screenshot' could not be run on failure: WebDriverException: Message: chrome not reachable
  (Session info: chrome=66.0.3359.181)
  (Driver info: chromedriver=2.40.565383 (76257d1ab79276b2d53ee976b2c3e3b9f335cde7),platform=Linux 4.15.0-24-generic x86_64)
</msg>
<msg timestamp="20180706 12:49:41.842" level="FAIL">WebDriverException: Message: chrome not reachable
  (Session info: chrome=66.0.3359.181)
  (Driver info: chromedriver=2.40.565383 (76257d1ab79276b2d53ee976b2c3e3b9f335cde7),platform=Linux 4.15.0-24-generic x86_64)
</msg>
<status status="FAIL" starttime="20180706 12:49:41.832" endtime="20180706 12:49:41.842"></status>
</kw>
<status status="FAIL" starttime="20180706 12:49:41.830" endtime="20180706 12:49:41.843" critical="yes">WebDriverException: Message: chrome not reachable
  (Session info: chrome=66.0.3359.181)
  (Driver info: chromedriver=2.40.565383 (76257d1ab79276b2d53ee976b2c3e3b9f335cde7),platform=Linux 4.15.0-24-generic x86_64)
</status>
</test>
<test id="s1-t5" name="Testing: Updating Book">
<kw name="Click Element" library="SeleniumLibrary">
<doc>Click element identified by ``locator``.</doc>
<arguments>
<arg>//html/body/div[2]/div/div[3]/span/a[1]/span</arg>
</arguments>
<msg timestamp="20180706 12:49:41.844" level="INFO">Clicking element '//html/body/div[2]/div/div[3]/span/a[1]/span'.</msg>
<kw name="Capture Page Screenshot" library="SeleniumLibrary">
<doc>Takes screenshot of the current page and embeds it into log file.</doc>
<msg timestamp="20180706 12:49:41.850" level="FAIL">WebDriverException: Message: chrome not reachable
  (Session info: chrome=66.0.3359.181)
  (Driver info: chromedriver=2.40.565383 (76257d1ab79276b2d53ee976b2c3e3b9f335cde7),platform=Linux 4.15.0-24-generic x86_64)
</msg>
<status status="FAIL" starttime="20180706 12:49:41.847" endtime="20180706 12:49:41.851"></status>
</kw>
<msg timestamp="20180706 12:49:41.851" level="WARN">Keyword 'Capture Page Screenshot' could not be run on failure: WebDriverException: Message: chrome not reachable
  (Session info: chrome=66.0.3359.181)
  (Driver info: chromedriver=2.40.565383 (76257d1ab79276b2d53ee976b2c3e3b9f335cde7),platform=Linux 4.15.0-24-generic x86_64)
</msg>
<msg timestamp="20180706 12:49:41.851" level="FAIL">WebDriverException: Message: chrome not reachable
  (Session info: chrome=66.0.3359.181)
  (Driver info: chromedriver=2.40.565383 (76257d1ab79276b2d53ee976b2c3e3b9f335cde7),platform=Linux 4.15.0-24-generic x86_64)
</msg>
<status status="FAIL" starttime="20180706 12:49:41.844" endtime="20180706 12:49:41.851"></status>
</kw>
<status status="FAIL" starttime="20180706 12:49:41.843" endtime="20180706 12:49:41.851" critical="yes">WebDriverException: Message: chrome not reachable
  (Session info: chrome=66.0.3359.181)
  (Driver info: chromedriver=2.40.565383 (76257d1ab79276b2d53ee976b2c3e3b9f335cde7),platform=Linux 4.15.0-24-generic x86_64)
</status>
</test>
<test id="s1-t6" name="Testing: Adding Book Instance">
<kw name="Click Element" library="SeleniumLibrary">
<doc>Click element identified by ``locator``.</doc>
<arguments>
<arg>//html/body/div[2]/div/div[3]/span/a[3]/span</arg>
</arguments>
<msg timestamp="20180706 12:49:41.852" level="INFO">Clicking element '//html/body/div[2]/div/div[3]/span/a[3]/span'.</msg>
<kw name="Capture Page Screenshot" library="SeleniumLibrary">
<doc>Takes screenshot of the current page and embeds it into log file.</doc>
<msg timestamp="20180706 12:49:41.858" level="FAIL">WebDriverException: Message: chrome not reachable
  (Session info: chrome=66.0.3359.181)
  (Driver info: chromedriver=2.40.565383 (76257d1ab79276b2d53ee976b2c3e3b9f335cde7),platform=Linux 4.15.0-24-generic x86_64)
</msg>
<status status="FAIL" starttime="20180706 12:49:41.855" endtime="20180706 12:49:41.858"></status>
</kw>
<msg timestamp="20180706 12:49:41.858" level="WARN">Keyword 'Capture Page Screenshot' could not be run on failure: WebDriverException: Message: chrome not reachable
  (Session info: chrome=66.0.3359.181)
  (Driver info: chromedriver=2.40.565383 (76257d1ab79276b2d53ee976b2c3e3b9f335cde7),platform=Linux 4.15.0-24-generic x86_64)
</msg>
<msg timestamp="20180706 12:49:41.858" level="FAIL">WebDriverException: Message: chrome not reachable
  (Session info: chrome=66.0.3359.181)
  (Driver info: chromedriver=2.40.565383 (76257d1ab79276b2d53ee976b2c3e3b9f335cde7),platform=Linux 4.15.0-24-generic x86_64)
</msg>
<status status="FAIL" starttime="20180706 12:49:41.852" endtime="20180706 12:49:41.859"></status>
</kw>
<status status="FAIL" starttime="20180706 12:49:41.852" endtime="20180706 12:49:41.859" critical="yes">WebDriverException: Message: chrome not reachable
  (Session info: chrome=66.0.3359.181)
  (Driver info: chromedriver=2.40.565383 (76257d1ab79276b2d53ee976b2c3e3b9f335cde7),platform=Linux 4.15.0-24-generic x86_64)
</status>
</test>
<test id="s1-t7" name="Testing Deleting Book">
<kw name="Click Element" library="SeleniumLibrary">
<doc>Click element identified by ``locator``.</doc>
<arguments>
<arg>//html/body/div[2]/div/div[3]/span/a[2]/span</arg>
</arguments>
<msg timestamp="20180706 12:49:41.860" level="INFO">Clicking element '//html/body/div[2]/div/div[3]/span/a[2]/span'.</msg>
<kw name="Capture Page Screenshot" library="SeleniumLibrary">
<doc>Takes screenshot of the current page and embeds it into log file.</doc>
<msg timestamp="20180706 12:49:41.865" level="FAIL">WebDriverException: Message: chrome not reachable
  (Session info: chrome=66.0.3359.181)
  (Driver info: chromedriver=2.40.565383 (76257d1ab79276b2d53ee976b2c3e3b9f335cde7),platform=Linux 4.15.0-24-generic x86_64)
</msg>
<status status="FAIL" starttime="20180706 12:49:41.862" endtime="20180706 12:49:41.865"></status>
</kw>
<msg timestamp="20180706 12:49:41.865" level="WARN">Keyword 'Capture Page Screenshot' could not be run on failure: WebDriverException: Message: chrome not reachable
  (Session info: chrome=66.0.3359.181)
  (Driver info: chromedriver=2.40.565383 (76257d1ab79276b2d53ee976b2c3e3b9f335cde7),platform=Linux 4.15.0-24-generic x86_64)
</msg>
<msg timestamp="20180706 12:49:41.866" level="FAIL">WebDriverException: Message: chrome not reachable
  (Session info: chrome=66.0.3359.181)
  (Driver info: chromedriver=2.40.565383 (76257d1ab79276b2d53ee976b2c3e3b9f335cde7),platform=Linux 4.15.0-24-generic x86_64)
</msg>
<status status="FAIL" starttime="20180706 12:49:41.860" endtime="20180706 12:49:41.866"></status>
</kw>
<status status="FAIL" starttime="20180706 12:49:41.859" endtime="20180706 12:49:41.866" critical="yes">WebDriverException: Message: chrome not reachable
  (Session info: chrome=66.0.3359.181)
  (Driver info: chromedriver=2.40.565383 (76257d1ab79276b2d53ee976b2c3e3b9f335cde7),platform=Linux 4.15.0-24-generic x86_64)
</status>
</test>
<test id="s1-t8" name="Testing: Displaying Author List">
<kw name="Click Link" library="SeleniumLibrary">
<doc>Clicks a link identified by ``locator``.</doc>
<arguments>
<arg>//html/body/div[2]/div/div[1]/nav/ul/li[3]/a</arg>
</arguments>
<msg timestamp="20180706 12:49:41.867" level="INFO">Clicking link '//html/body/div[2]/div/div[1]/nav/ul/li[3]/a'.</msg>
<kw name="Capture Page Screenshot" library="SeleniumLibrary">
<doc>Takes screenshot of the current page and embeds it into log file.</doc>
<msg timestamp="20180706 12:49:41.872" level="FAIL">WebDriverException: Message: chrome not reachable
  (Session info: chrome=66.0.3359.181)
  (Driver info: chromedriver=2.40.565383 (76257d1ab79276b2d53ee976b2c3e3b9f335cde7),platform=Linux 4.15.0-24-generic x86_64)
</msg>
<status status="FAIL" starttime="20180706 12:49:41.869" endtime="20180706 12:49:41.872"></status>
</kw>
<msg timestamp="20180706 12:49:41.872" level="WARN">Keyword 'Capture Page Screenshot' could not be run on failure: WebDriverException: Message: chrome not reachable
  (Session info: chrome=66.0.3359.181)
  (Driver info: chromedriver=2.40.565383 (76257d1ab79276b2d53ee976b2c3e3b9f335cde7),platform=Linux 4.15.0-24-generic x86_64)
</msg>
<msg timestamp="20180706 12:49:41.873" level="FAIL">WebDriverException: Message: chrome not reachable
  (Session info: chrome=66.0.3359.181)
  (Driver info: chromedriver=2.40.565383 (76257d1ab79276b2d53ee976b2c3e3b9f335cde7),platform=Linux 4.15.0-24-generic x86_64)
</msg>
<status status="FAIL" starttime="20180706 12:49:41.867" endtime="20180706 12:49:41.873"></status>
</kw>
<status status="FAIL" starttime="20180706 12:49:41.866" endtime="20180706 12:49:41.873" critical="yes">WebDriverException: Message: chrome not reachable
  (Session info: chrome=66.0.3359.181)
  (Driver info: chromedriver=2.40.565383 (76257d1ab79276b2d53ee976b2c3e3b9f335cde7),platform=Linux 4.15.0-24-generic x86_64)
</status>
</test>
<test id="s1-t9" name="Testing: Author List Pagination">
<status status="FAIL" starttime="20180706 12:49:41.873" endtime="20180706 12:49:41.874" critical="yes">Test case contains no keywords.</status>
</test>
<test id="s1-t10" name="Testing: Adding Author">
<kw name="Click Link" library="SeleniumLibrary">
<doc>Clicks a link identified by ``locator``.</doc>
<arguments>
<arg>//html/body/div[2]/div/div[1]/nav/ul/li[4]/ul/li/a</arg>
</arguments>
<msg timestamp="20180706 12:49:41.875" level="INFO">Clicking link '//html/body/div[2]/div/div[1]/nav/ul/li[4]/ul/li/a'.</msg>
<kw name="Capture Page Screenshot" library="SeleniumLibrary">
<doc>Takes screenshot of the current page and embeds it into log file.</doc>
<msg timestamp="20180706 12:49:41.881" level="FAIL">WebDriverException: Message: chrome not reachable
  (Session info: chrome=66.0.3359.181)
  (Driver info: chromedriver=2.40.565383 (76257d1ab79276b2d53ee976b2c3e3b9f335cde7),platform=Linux 4.15.0-24-generic x86_64)
</msg>
<status status="FAIL" starttime="20180706 12:49:41.877" endtime="20180706 12:49:41.881"></status>
</kw>
<msg timestamp="20180706 12:49:41.881" level="WARN">Keyword 'Capture Page Screenshot' could not be run on failure: WebDriverException: Message: chrome not reachable
  (Session info: chrome=66.0.3359.181)
  (Driver info: chromedriver=2.40.565383 (76257d1ab79276b2d53ee976b2c3e3b9f335cde7),platform=Linux 4.15.0-24-generic x86_64)
</msg>
<msg timestamp="20180706 12:49:41.882" level="FAIL">WebDriverException: Message: chrome not reachable
  (Session info: chrome=66.0.3359.181)
  (Driver info: chromedriver=2.40.565383 (76257d1ab79276b2d53ee976b2c3e3b9f335cde7),platform=Linux 4.15.0-24-generic x86_64)
</msg>
<status status="FAIL" starttime="20180706 12:49:41.874" endtime="20180706 12:49:41.883"></status>
</kw>
<status status="FAIL" starttime="20180706 12:49:41.874" endtime="20180706 12:49:41.883" critical="yes">WebDriverException: Message: chrome not reachable
  (Session info: chrome=66.0.3359.181)
  (Driver info: chromedriver=2.40.565383 (76257d1ab79276b2d53ee976b2c3e3b9f335cde7),platform=Linux 4.15.0-24-generic x86_64)
</status>
</test>
<status status="FAIL" starttime="20180706 12:48:36.844" endtime="20180706 12:49:41.884"></status>
</suite>
<statistics>
<total>
<stat pass="0" fail="10">Critical Tests</stat>
<stat pass="0" fail="10">All Tests</stat>
</total>
<tag>
</tag>
<suite>
<stat pass="0" fail="10" id="s1" name="Test-Locallibrary">Test-Locallibrary</stat>
</suite>
</statistics>
<errors>
<msg timestamp="20180706 12:49:41.791" level="WARN">Keyword 'Capture Page Screenshot' could not be run on failure: WebDriverException: Message: chrome not reachable
  (Session info: chrome=66.0.3359.181)
  (Driver info: chromedriver=2.40.565383 (76257d1ab79276b2d53ee976b2c3e3b9f335cde7),platform=Linux 4.15.0-24-generic x86_64)
</msg>
<msg timestamp="20180706 12:49:41.806" level="WARN">Keyword 'Capture Page Screenshot' could not be run on failure: WebDriverException: Message: chrome not reachable
  (Session info: chrome=66.0.3359.181)
  (Driver info: chromedriver=2.40.565383 (76257d1ab79276b2d53ee976b2c3e3b9f335cde7),platform=Linux 4.15.0-24-generic x86_64)
</msg>
<msg timestamp="20180706 12:49:41.827" level="WARN">Keyword 'Capture Page Screenshot' could not be run on failure: WebDriverException: Message: chrome not reachable
  (Session info: chrome=66.0.3359.181)
  (Driver info: chromedriver=2.40.565383 (76257d1ab79276b2d53ee976b2c3e3b9f335cde7),platform=Linux 4.15.0-24-generic x86_64)
</msg>
<msg timestamp="20180706 12:49:41.842" level="WARN">Keyword 'Capture Page Screenshot' could not be run on failure: WebDriverException: Message: chrome not reachable
  (Session info: chrome=66.0.3359.181)
  (Driver info: chromedriver=2.40.565383 (76257d1ab79276b2d53ee976b2c3e3b9f335cde7),platform=Linux 4.15.0-24-generic x86_64)
</msg>
<msg timestamp="20180706 12:49:41.851" level="WARN">Keyword 'Capture Page Screenshot' could not be run on failure: WebDriverException: Message: chrome not reachable
  (Session info: chrome=66.0.3359.181)
  (Driver info: chromedriver=2.40.565383 (76257d1ab79276b2d53ee976b2c3e3b9f335cde7),platform=Linux 4.15.0-24-generic x86_64)
</msg>
<msg timestamp="20180706 12:49:41.858" level="WARN">Keyword 'Capture Page Screenshot' could not be run on failure: WebDriverException: Message: chrome not reachable
  (Session info: chrome=66.0.3359.181)
  (Driver info: chromedriver=2.40.565383 (76257d1ab79276b2d53ee976b2c3e3b9f335cde7),platform=Linux 4.15.0-24-generic x86_64)
</msg>
<msg timestamp="20180706 12:49:41.865" level="WARN">Keyword 'Capture Page Screenshot' could not be run on failure: WebDriverException: Message: chrome not reachable
  (Session info: chrome=66.0.3359.181)
  (Driver info: chromedriver=2.40.565383 (76257d1ab79276b2d53ee976b2c3e3b9f335cde7),platform=Linux 4.15.0-24-generic x86_64)
</msg>
<msg timestamp="20180706 12:49:41.872" level="WARN">Keyword 'Capture Page Screenshot' could not be run on failure: WebDriverException: Message: chrome not reachable
  (Session info: chrome=66.0.3359.181)
  (Driver info: chromedriver=2.40.565383 (76257d1ab79276b2d53ee976b2c3e3b9f335cde7),platform=Linux 4.15.0-24-generic x86_64)
</msg>
<msg timestamp="20180706 12:49:41.881" level="WARN">Keyword 'Capture Page Screenshot' could not be run on failure: WebDriverException: Message: chrome not reachable
  (Session info: chrome=66.0.3359.181)
  (Driver info: chromedriver=2.40.565383 (76257d1ab79276b2d53ee976b2c3e3b9f335cde7),platform=Linux 4.15.0-24-generic x86_64)
</msg>
</errors>
</robot>
