<?xml version="1.0" encoding="UTF-8"?>
<robot generator="Robot 3.0.4 (Python 3.6.5 on linux)" generated="20180705 15:13:19.598">
<suite id="s1" name="Test-Locallibrary-Headless" source="/home/csd/lair/RobotTests/test-locallibrary-headless.robot">
<test id="s1-t1" name="Firefox">
<kw name="Open Browser" library="SeleniumLibrary">
<doc>Opens a new browser instance to the given ``url``.</doc>
<arguments>
<arg>${SERVER}/accounts/login/</arg>
<arg>${BROWSER}</arg>
</arguments>
<msg timestamp="20180705 15:13:19.690" level="INFO">Opening browser 'Firefox' to base url 'http://127.0.0.1:8000/accounts/login/'.</msg>
<kw name="Capture Page Screenshot" library="SeleniumLibrary">
<doc>Takes screenshot of the current page and embeds it into log file.</doc>
<msg timestamp="20180705 15:13:23.747" level="INFO">Cannot capture screenshot because no browser is open.</msg>
<status status="PASS" starttime="20180705 15:13:23.747" endtime="20180705 15:13:23.747"></status>
</kw>
<msg timestamp="20180705 15:13:23.748" level="FAIL">InvalidArgumentException: Message: Missing 'type' parameter
</msg>
<status status="FAIL" starttime="20180705 15:13:19.690" endtime="20180705 15:13:23.748"></status>
</kw>
<kw name="Close Browser" library="SeleniumLibrary" type="teardown">
<doc>Closes the current browser.</doc>
<status status="PASS" starttime="20180705 15:13:23.749" endtime="20180705 15:13:23.749"></status>
</kw>
<status status="FAIL" starttime="20180705 15:13:19.689" endtime="20180705 15:13:23.749" critical="yes">InvalidArgumentException: Message: Missing 'type' parameter
</status>
</test>
<status status="FAIL" starttime="20180705 15:13:19.599" endtime="20180705 15:13:23.750"></status>
</suite>
<statistics>
<total>
<stat pass="0" fail="1">Critical Tests</stat>
<stat pass="0" fail="1">All Tests</stat>
</total>
<tag>
</tag>
<suite>
<stat pass="0" fail="1" id="s1" name="Test-Locallibrary-Headless">Test-Locallibrary-Headless</stat>
</suite>
</statistics>
<errors>
</errors>
</robot>
